<?xml version="1.0" encoding="UTF-8"?>
<!-- Generated by org.testng.reporters.JUnitReportReporter -->
<testsuite hostname="DESKTOP-UDA6481" failures="0" tests="1" name="tests.runners.CucumberTestRunner" time="216.822" errors="0" timestamp="2025-09-06T04:31:25 TRT" skipped="0">
  <testcase classname="tests.runners.CucumberTestRunner" name="runScenario" time="216.822"/>
</testsuite> <!-- tests.runners.CucumberTestRunner -->
